\BOOKMARK [0][-]{chapter*.1}{\376\377\000R\000e\000m\000e\000r\000c\000i\000e\000m\000e\000n\000t\000s}{}% 1
\BOOKMARK [0][-]{chapter*.3}{\376\377\000T\000a\000b\000l\000e\000\040\000d\000e\000s\000\040\000f\000i\000g\000u\000r\000e\000s}{}% 2
\BOOKMARK [0][-]{chapter*.4}{\376\377\000L\000i\000s\000t\000e\000\040\000d\000e\000s\000\040\000t\000a\000b\000l\000e\000a\000u\000x}{}% 3
\BOOKMARK [0][-]{chapter.1}{\376\377\000I\000n\000t\000r\000o\000d\000u\000c\000t\000i\000o\000n}{}% 4
\BOOKMARK [1][-]{section.1.1}{\376\377\000R\000e\000v\000u\000e\000\040\000b\000i\000b\000l\000i\000o\000g\000r\000a\000p\000h\000i\000q\000u\000e}{chapter.1}% 5
\BOOKMARK [1][-]{section.1.2}{\376\377\000B\000a\000s\000e\000s\000\040\000d\000e\000\040\000t\000h\000e\000r\000m\000o\000a\000c\000o\000u\000s\000t\000i\000q\000u\000e}{chapter.1}% 6
\BOOKMARK [2][-]{subsection.1.2.1}{\376\377\000C\000o\000n\000c\000e\000p\000t\000s\000\040\000g\000\351\000n\000\351\000r\000a\000u\000x}{section.1.2}% 7
\BOOKMARK [2][-]{subsection.1.2.2}{\376\377\000\311\000q\000u\000a\000t\000i\000o\000n\000s\000\040\000f\000o\000n\000d\000a\000m\000e\000n\000t\000a\000l\000e\000s\000\040\000d\000e\000\040\000l\000'\000a\000c\000o\000u\000s\000t\000i\000q\000u\000e\000\040\000e\000n\000\040\000f\000l\000u\000i\000d\000e\000s\000\040\000d\000i\000s\000s\000i\000p\000a\000t\000i\000f\000s}{section.1.2}% 8
\BOOKMARK [1][-]{section.1.3}{\376\377\000\311\000t\000a\000t\000\040\000d\000e\000\040\000l\000'\000a\000r\000t}{chapter.1}% 9
\BOOKMARK [2][-]{subsection.1.3.1}{\376\377\000D\000e\000\040\000l\000a\000\040\000r\000e\000c\000h\000e\000r\000c\000h\000e\000\040\000f\000o\000n\000d\000a\000m\000e\000n\000t\000a\000l\000e\000.\000.\000.}{section.1.3}% 10
\BOOKMARK [2][-]{subsection.1.3.2}{\376\377\000.\000.\000.\000\040\000\340\000\040\000d\000e\000s\000\040\000a\000p\000p\000l\000i\000c\000a\000t\000i\000o\000n\000s\000\040\000i\000n\000d\000u\000s\000t\000r\000i\000e\000l\000l\000e\000s}{section.1.3}% 11
\BOOKMARK [1][-]{section.1.4}{\376\377\000O\000u\000t\000i\000l\000s\000\040\000\351\000l\000e\000c\000t\000r\000o\000a\000c\000o\000u\000s\000t\000i\000q\000u\000e\000s\000\040\000p\000o\000u\000r\000\040\000l\000a\000\040\000t\000h\000e\000r\000m\000o\000a\000c\000o\000u\000s\000t\000i\000q\000u\000e}{chapter.1}% 12
\BOOKMARK [2][-]{subsection.1.4.1}{\376\377\000M\000o\000d\000\350\000l\000e\000s\000\040\000a\000u\000x\000\040\000c\000o\000n\000s\000t\000a\000n\000t\000e\000s\000\040\000l\000o\000c\000a\000l\000i\000s\000\351\000e\000s\000\040\000e\000t\000\040\000c\000i\000r\000c\000u\000i\000t\000s\000\040\000\351\000l\000e\000c\000t\000r\000i\000q\000u\000e\000s\000\040\000\351\000q\000u\000i\000v\000a\000l\000e\000n\000t\000s}{section.1.4}% 13
\BOOKMARK [3][-]{subsubsection.1.4.1.1}{\376\377\000E\000n\000\040\000g\000\351\000n\000\351\000r\000a\000l}{subsection.1.4.1}% 14
\BOOKMARK [4][-]{paragraph.1.4.1.1.1}{\376\377\000A\000n\000a\000l\000o\000g\000i\000e\000s\000\040\000\351\000l\000e\000c\000t\000r\000o\000-\000m\000\351\000c\000a\000n\000i\000q\000u\000e\000s}{subsubsection.1.4.1.1}% 15
\BOOKMARK [4][-]{paragraph.1.4.1.1.2}{\376\377\000A\000n\000a\000l\000o\000g\000i\000e\000s\000\040\000a\000c\000o\000u\000s\000t\000o\000-\000m\000\351\000c\000a\000n\000i\000q\000u\000e\000s}{subsubsection.1.4.1.1}% 16
\BOOKMARK [4][-]{paragraph.1.4.1.1.3}{\376\377\000R\000\351\000s\000u\000m\000\351\000\040\000d\000e\000s\000\040\000a\000n\000a\000l\000o\000g\000i\000e\000s}{subsubsection.1.4.1.1}% 17
\BOOKMARK [3][-]{subsubsection.1.4.1.2}{\376\377\000C\000i\000r\000c\000u\000i\000t\000\040\000\351\000l\000e\000c\000t\000r\000i\000q\000u\000e\000\040\000\351\000q\000u\000i\000v\000a\000l\000e\000n\000t\000\040\000\340\000\040\000u\000n\000\040\000n\000o\000y\000a\000u\000\040\000t\000h\000e\000r\000m\000o\000a\000c\000o\000u\000s\000t\000i\000q\000u\000e}{subsection.1.4.1}% 18
\BOOKMARK [2][-]{subsection.1.4.2}{\376\377\000C\000i\000r\000c\000u\000i\000t\000\040\000\351\000q\000u\000i\000v\000a\000l\000e\000n\000t\000\040\000\340\000\040\000u\000n\000e\000\040\000m\000a\000c\000h\000i\000n\000e\000\040\000c\000o\000m\000p\000l\000\350\000t\000e}{section.1.4}% 19
\BOOKMARK [2][-]{subsection.1.4.3}{\376\377\000M\000a\000t\000r\000i\000c\000e\000s\000\040\000d\000e\000\040\000t\000r\000a\000n\000s\000f\000e\000r\000t}{section.1.4}% 20
\BOOKMARK [3][-]{subsubsection.1.4.3.1}{\376\377\000E\000n\000\040\000g\000\351\000n\000\351\000r\000a\000l}{subsection.1.4.3}% 21
\BOOKMARK [3][-]{subsubsection.1.4.3.2}{\376\377\000M\000a\000t\000r\000i\000c\000e\000\040\000d\000e\000\040\000t\000r\000a\000n\000s\000f\000e\000r\000t\000\040\000d\000'\000u\000n\000\040\000n\000o\000y\000a\000u\000\040\000t\000h\000e\000r\000m\000o\000a\000c\000o\000u\000s\000t\000i\000q\000u\000e}{subsection.1.4.3}% 22
\BOOKMARK [1][-]{section.1.5}{\376\377\000L\000i\000m\000i\000t\000e\000s\000\040\000d\000e\000s\000\040\000m\000o\000d\000\350\000l\000e\000s}{chapter.1}% 23
\BOOKMARK [0][-]{chapter.2}{\376\377\000P\000r\000o\000t\000o\000c\000o\000l\000e\000\040\000e\000x\000p\000\351\000r\000i\000m\000e\000n\000t\000a\000l\000\040\000g\000\351\000n\000\351\000r\000a\000l}{}% 24
\BOOKMARK [1][-]{section.2.1}{\376\377\000I\000n\000t\000r\000o\000d\000u\000c\000t\000i\000o\000n\000\040\000d\000u\000\040\000c\000h\000a\000p\000i\000t\000r\000e}{chapter.2}% 25
\BOOKMARK [1][-]{section.2.2}{\376\377\000P\000r\000\351\000s\000e\000n\000t\000a\000t\000i\000o\000n\000\040\000d\000u\000\040\000d\000i\000s\000p\000o\000s\000i\000t\000i\000f\000\040\000e\000x\000p\000\351\000r\000i\000m\000e\000n\000t\000a\000l\000\040\000a\000c\000t\000u\000e\000l}{chapter.2}% 26
\BOOKMARK [2][-]{subsection.2.2.1}{\376\377\000G\000\351\000o\000m\000\351\000t\000r\000i\000e\000\040\000d\000u\000\040\000r\000\351\000f\000r\000i\000g\000\351\000r\000a\000t\000e\000u\000r\000\040\000T\000a\000c\000o\000t}{section.2.2}% 27
\BOOKMARK [3][-]{subsubsection.2.2.1.1}{\376\377\000C\000a\000v\000i\000t\000\351\000\040\000t\000h\000e\000r\000m\000o\000a\000c\000o\000u\000s\000t\000i\000q\000u\000e}{subsection.2.2.1}% 28
\BOOKMARK [3][-]{subsubsection.2.2.1.2}{\376\377\000N\000o\000y\000a\000u\000\040\000t\000h\000e\000r\000m\000o\000a\000c\000o\000u\000s\000t\000i\000q\000u\000e}{subsection.2.2.1}% 29
\BOOKMARK [2][-]{subsection.2.2.2}{\376\377\000C\000h\000a\000\356\000n\000e\000\040\000d\000'\000e\000x\000c\000i\000t\000a\000t\000i\000o\000n\000\040\000e\000t\000\040\000d\000'\000a\000c\000q\000u\000i\000s\000i\000t\000i\000o\000n}{section.2.2}% 30
\BOOKMARK [1][-]{section.2.3}{\376\377\000P\000r\000o\000t\000o\000c\000o\000l\000e\000\040\000e\000x\000p\000\351\000r\000i\000m\000e\000n\000t\000a\000l}{chapter.2}% 31
\BOOKMARK [2][-]{subsection.2.3.1}{\376\377\000D\000\351\000f\000i\000n\000i\000t\000i\000o\000n\000\040\000d\000e\000s\000\040\000o\000r\000i\000e\000n\000t\000a\000t\000i\000o\000n\000s}{section.2.3}% 32
\BOOKMARK [2][-]{subsection.2.3.2}{\376\377\000A\000c\000q\000u\000i\000s\000i\000t\000i\000o\000n\000s}{section.2.3}% 33
\BOOKMARK [3][-]{subsubsection.2.3.2.1}{\376\377\000P\000r\000o\000c\000\351\000d\000u\000r\000e\000s\000\040\000d\000'\000a\000c\000q\000u\000i\000s\000i\000t\000i\000o\000n}{subsection.2.3.2}% 34
\BOOKMARK [4][-]{paragraph.2.3.2.1.1}{\376\377\000M\000e\000s\000u\000r\000e\000s\000\040\000s\000a\000n\000s\000\040\000a\000c\000o\000u\000s\000t\000i\000q\000u\000e}{subsubsection.2.3.2.1}% 35
\BOOKMARK [4][-]{paragraph.2.3.2.1.2}{\376\377\000M\000e\000s\000u\000r\000e\000s\000\040\000a\000v\000e\000c\000\040\000a\000c\000o\000u\000s\000t\000i\000q\000u\000e}{subsubsection.2.3.2.1}% 36
\BOOKMARK [1][-]{section.2.4}{\376\377\000E\000n\000s\000e\000m\000b\000l\000e\000\040\000d\000e\000s\000\040\000s\000i\000m\000u\000l\000a\000t\000i\000o\000n\000s\000\040\000r\000\351\000a\000l\000i\000s\000\351\000e\000s}{chapter.2}% 37
\BOOKMARK [2][-]{subsection.2.4.1}{\376\377\000E\000s\000t\000i\000m\000a\000t\000i\000o\000n\000\040\000t\000h\000\351\000o\000r\000i\000q\000u\000e\000\040\000d\000u\000\040\000f\000l\000u\000x\000\040\000d\000e\000\040\000c\000h\000a\000l\000e\000u\000r\000\040\000d\000e\000\040\000c\000o\000n\000v\000e\000c\00